{"level":"info","message":"[mail] Logo PNG listo para correo: C:\\Users\\User\\repos\\grandmas_liquors\\backend\\assets\\brand\\logo.png (395166 bytes)","timestamp":"2026-06-19 16:07:48:748"}
{"level":"info","message":"[mail] SMTP configurado -> host=smtp.gmail.com port=587 secure=false user=grandmasliqueurs@gmail.com from=Grandma's Liquors <grandmasliqueurs@gmail.com>","timestamp":"2026-06-19 16:07:48:748"}
{"level":"info","message":"[mail] (welcome) Enviado a assanchez@soy.sena.edu.co (messageId=<a4dcbb6c-8072-a846-335f-0fb197695d48@gmail.com>)","timestamp":"2026-06-19 16:07:51:751"}
{"level":"info","message":"[mail] (pedidoCreated) Enviado a assanchez@soy.sena.edu.co (messageId=<5290b56c-025e-f2bf-e3a1-3e30abede726@gmail.com>)","timestamp":"2026-06-19 16:09:01:91"}
{"level":"info","message":"[mail] (pedidoCreated) Enviado a assanchez@soy.sena.edu.co (messageId=<300f371c-200e-735d-012b-00ef311069d2@gmail.com>)","timestamp":"2026-06-19 16:34:19:3419"}
{"level":"info","message":"[mail] Logo PNG listo para correo: C:\\Users\\User\\repos\\grandmas_liquors\\backend\\assets\\brand\\logo.png (395166 bytes)","timestamp":"2026-06-19 16:35:44:3544"}
{"level":"info","message":"[mail] SMTP configurado -> host=smtp.gmail.com port=587 secure=false user=grandmasliqueurs@gmail.com from=Grandma's Liquors <grandmasliqueurs@gmail.com>","timestamp":"2026-06-19 16:35:46:3546"}
{"level":"info","message":"[mail] (pedidoCreated) Enviado a assanchez@soy.sena.edu.co (messageId=<ac066cbd-3348-73fa-3f24-0f9ffb34448c@gmail.com>)","timestamp":"2026-06-19 16:35:54:3554"}
{"level":"info","message":"[mail] (pedidoCreated) Enviado a assanchez@soy.sena.edu.co (messageId=<628caf2c-26b0-dcaa-a20f-f15640522d5a@gmail.com>)","timestamp":"2026-06-19 16:39:00:390"}
{"level":"info","message":"[mail] Logo PNG listo para correo: C:\\Users\\User\\repos\\grandmas_liquors\\backend\\assets\\brand\\logo.png (395166 bytes)","timestamp":"2026-06-19 16:47:34:4734"}
{"level":"info","message":"[mail] SMTP configurado -> host=smtp.gmail.com port=587 secure=false user=grandmasliqueurs@gmail.com from=Grandma's Liquors <grandmasliqueurs@gmail.com>","timestamp":"2026-06-19 16:47:36:4736"}
{"level":"info","message":"[mail] (pedidoCreated) Enviado a assanchez@soy.sena.edu.co (messageId=<59235f41-6126-f4d1-971c-6b395446727c@gmail.com>)","timestamp":"2026-06-19 16:47:40:4740"}
{"level":"info","message":"[mail] Logo PNG listo para correo: C:\\Users\\User\\repos\\grandmas_liquors\\backend\\assets\\brand\\logo.png (395166 bytes)","timestamp":"2026-06-19 16:58:36:5836"}
{"level":"info","message":"[mail] SMTP configurado -> host=smtp.gmail.com port=587 secure=false user=grandmasliqueurs@gmail.com from=Grandma's Liquors <grandmasliqueurs@gmail.com>","timestamp":"2026-06-19 16:58:38:5838"}
{"level":"info","message":"[mail] (pedidoCreated) Enviado a assanchez@soy.sena.edu.co (messageId=<d8daaa45-69ae-a9a5-ed41-a8d717deb101@gmail.com>)","timestamp":"2026-06-19 16:58:42:5842"}
{"level":"info","message":"[mail] Logo PNG listo para correo: C:\\Users\\User\\repos\\grandmas_liquors\\backend\\assets\\brand\\logo.png (395166 bytes)","timestamp":"2026-06-19 17:14:12:1412"}
{"level":"info","message":"[mail] SMTP configurado -> host=smtp.gmail.com port=587 secure=false user=grandmasliqueurs@gmail.com from=Grandma's Liquors <grandmasliqueurs@gmail.com>","timestamp":"2026-06-19 17:14:14:1414"}
{"level":"info","message":"[mail] (pedidoCreated) Enviado a assanchez@soy.sena.edu.co (messageId=<e8e46ecd-f94f-5118-4b62-d26b3d54b99e@gmail.com>)","timestamp":"2026-06-19 17:14:18:1418"}
{"level":"info","message":"[mail] Logo PNG listo para correo: C:\\Users\\User\\repos\\grandmas_liquors\\backend\\assets\\brand\\logo.png (395166 bytes)","timestamp":"2026-06-19 18:28:52:2852"}
{"level":"info","message":"[mail] SMTP configurado -> host=smtp.gmail.com port=587 secure=false user=grandmasliqueurs@gmail.com from=Grandma's Liquors <grandmasliqueurs@gmail.com>","timestamp":"2026-06-19 18:28:55:2855"}
{"level":"info","message":"[mail] (pedidoCreated) Enviado a assanchez@soy.sena.edu.co (messageId=<8fa0f386-f766-5431-65d1-97a146e45a5b@gmail.com>)","timestamp":"2026-06-19 18:28:59:2859"}
{"level":"info","message":"[mail] Logo PNG listo para correo: C:\\Users\\User\\repos\\grandmas_liquors\\backend\\assets\\brand\\logo.png (395166 bytes)","timestamp":"2026-06-19 19:44:39:4439"}
{"level":"info","message":"[mail] SMTP configurado -> host=smtp.gmail.com port=587 secure=false user=grandmasliqueurs@gmail.com from=Grandma's Liquors <grandmasliqueurs@gmail.com>","timestamp":"2026-06-19 19:44:39:4439"}
{"level":"info","message":"[mail] (welcome) Enviado a andressanchezjalvin@outlook.com (messageId=<c79f63fd-e1a4-c37e-d84a-8d24910cfca8@gmail.com>)","timestamp":"2026-06-19 19:44:42:4442"}
{"level":"info","message":"[mail] (pedidoCreated) Enviado a andressanchezjalvin@outlook.com (messageId=<a0c3062c-613b-650c-fdde-6de5d5eb5ee6@gmail.com>)","timestamp":"2026-06-19 19:45:10:4510"}
{"level":"info","message":"[mail] (pedidoCreated) Enviado a andressanchezjalvin@outlook.com (messageId=<b1e438da-fab5-faf5-dee7-873d69a4da4a@gmail.com>)","timestamp":"2026-06-19 19:47:18:4718"}
{"level":"info","message":"[mail] Logo PNG listo para correo: C:\\Users\\User\\repos\\grandmas_liquors\\backend\\assets\\brand\\logo.png (395166 bytes)","timestamp":"2026-06-19 20:00:56:056"}
{"level":"info","message":"[mail] SMTP configurado -> host=smtp.gmail.com port=587 secure=false user=grandmasliqueurs@gmail.com from=Grandma's Liquors <grandmasliqueurs@gmail.com>","timestamp":"2026-06-19 20:00:58:058"}
{"level":"info","message":"[mail] (pedidoCreated) Enviado a andressanchezjalvin@outlook.com (messageId=<1d96fddb-6350-4dd9-b575-8a652fbdf2bf@gmail.com>)","timestamp":"2026-06-19 20:01:03:13"}
{"level":"info","message":"[mail] Logo PNG listo para correo: C:\\Users\\User\\repos\\grandmas_liquors\\backend\\assets\\brand\\logo.png (395166 bytes)","timestamp":"2026-06-19 21:30:24:3024"}
{"level":"info","message":"[mail] SMTP configurado -> host=smtp.gmail.com port=587 secure=false user=grandmasliqueurs@gmail.com from=Grandma's Liquors <grandmasliqueurs@gmail.com>","timestamp":"2026-06-19 21:30:27:3027"}
{"level":"info","message":"[mail] (pedidoCreated) Enviado a andressanchezjalvin@outlook.com (messageId=<69af10fb-23c1-80bf-b402-fe7a79666203@gmail.com>)","timestamp":"2026-06-19 21:30:35:3035"}
{"level":"info","message":"[mail] Logo PNG listo para correo: C:\\Users\\User\\repos\\grandmas_liquors\\backend\\assets\\brand\\logo.png (395166 bytes)","timestamp":"2026-06-19 21:51:22:5122"}
{"level":"info","message":"[mail] SMTP configurado -> host=smtp.gmail.com port=587 secure=false user=grandmasliqueurs@gmail.com from=Grandma's Liquors <grandmasliqueurs@gmail.com>","timestamp":"2026-06-19 21:51:25:5125"}
{"level":"info","message":"[mail] (pedidoCreated) Enviado a andressanchezjalvin@outlook.com (messageId=<fcc5afcd-d426-5496-40b8-c2170ce9a111@gmail.com>)","timestamp":"2026-06-19 21:51:29:5129"}
{"level":"info","message":"[mail] Logo PNG listo para correo: C:\\Users\\User\\repos\\grandmas_liquors\\backend\\assets\\brand\\logo.png (395166 bytes)","timestamp":"2026-06-19 21:58:13:5813"}
{"level":"info","message":"[mail] SMTP configurado -> host=smtp.gmail.com port=587 secure=false user=grandmasliqueurs@gmail.com from=Grandma's Liquors <grandmasliqueurs@gmail.com>","timestamp":"2026-06-19 21:58:15:5815"}
{"level":"info","message":"[mail] (pedidoCreated) Enviado a andressanchezjalvin@outlook.com (messageId=<991aff80-c9ae-420f-98d5-c1d5e862d60f@gmail.com>)","timestamp":"2026-06-19 21:58:20:5820"}
